2024-05-08T02:34:57.180Z | INFO   | Server started in PORT | 3001
2024-05-08T02:34:57.191Z | ERROR  | DB Connection Fail | MongooseError: The `uri` parameter to `openUri()` must be a string, got "undefined". Make sure the first parameter to `mongoose.connect()` or `mongoose.createConnection()` is a string.
    at Connection.openUri (C:\SplitApp\node_modules\mongoose\lib\connection.js:689:11)
    at C:\SplitApp\node_modules\mongoose\lib\index.js:377:10
    at C:\SplitApp\node_modules\mongoose\lib\helpers\promiseOrCallback.js:32:5
    at new Promise (<anonymous>)
    at promiseOrCallback (C:\SplitApp\node_modules\mongoose\lib\helpers\promiseOrCallback.js:31:10)
    at Mongoose._promiseOrCallback (C:\SplitApp\node_modules\mongoose\lib\index.js:1220:10)
    at Mongoose.connect (C:\SplitApp\node_modules\mongoose\lib\index.js:376:20)
    at Object.<anonymous> (C:\SplitApp\model\schema.js:4:10)
    at Module._compile (node:internal/modules/cjs/loader:1369:14)
    at Module._extensions..js (node:internal/modules/cjs/loader:1427:10)
2024-05-08T02:35:59.066Z | INFO   | Server started in PORT | 3000
2024-05-08T02:36:10.713Z | INFO   | DB Connection Established
2024-05-08T02:39:01.795Z | INFO   | API HIT : [GET] /static/illustrations/illustration_register.png
2024-05-08T02:39:01.797Z | ERROR  | [Invalid Route] /static/illustrations/illustration_register.png
2024-05-08T02:39:36.670Z | INFO   | API HIT : [POST] /api/users/v1/register
2024-05-08T02:39:36.970Z | INFO   | API HIT : [POST] /api/users/v1/login
2024-05-08T02:39:37.177Z | INFO   | API HIT : [GET] /dashboard/app
2024-05-08T02:39:37.178Z | ERROR  | [Invalid Route] /dashboard/app
2024-05-08T02:39:46.893Z | INFO   | API HIT : [GET] /dashboard/app
2024-05-08T02:39:46.894Z | ERROR  | [Invalid Route] /dashboard/app
2024-05-08T02:39:47.139Z | INFO   | API HIT : [GET] /favicon.ico
2024-05-08T02:39:47.139Z | ERROR  | [Invalid Route] /favicon.ico
2024-05-08T02:40:05.461Z | INFO   | API HIT : [GET] /register
2024-05-08T02:40:05.462Z | ERROR  | [Invalid Route] /register
2024-05-08T02:40:12.239Z | INFO   | API HIT : [GET] /
2024-05-08T02:40:12.240Z | ERROR  | [Invalid Route] /
2024-05-08T02:41:37.352Z | INFO   | Server started in PORT | 3001
2024-05-08T02:41:40.819Z | INFO   | API HIT : [POST] /api/expense/v1/user
2024-05-08T02:41:49.322Z | INFO   | DB Connection Established
2024-05-08T02:41:49.539Z | ERROR  | URL : /api/expense/v1/user | staus : 400 | message: No expense present for the user
2024-05-08T02:41:49.879Z | INFO   | API HIT : [POST] /api/group/v1/user
2024-05-08T03:40:04.539Z | INFO   | API HIT : [POST] /api/expense/v1/user
2024-05-08T03:40:15.992Z | ERROR  | URL : /api/expense/v1/user | staus : 400 | message: No expense present for the user
2024-05-08T03:40:16.334Z | INFO   | API HIT : [POST] /api/group/v1/user
2024-05-08T03:40:16.389Z | ERROR  | URL : /api/group/v1/user | staus : 400 | message: User Id not found !
2024-05-08T04:29:02.579Z | INFO   | API HIT : [POST] /api/expense/v1/user
2024-05-08T04:29:02.580Z | ERROR  | URL : /api/expense/v1/user | API Authentication Fail | message: Invalid Token
2024-05-08T04:29:02.630Z | INFO   | API HIT : [POST] /api/group/v1/user
2024-05-08T04:29:02.630Z | ERROR  | URL : /api/group/v1/user | API Authentication Fail | message: Invalid Token
2024-05-08T04:45:54.801Z | INFO   | API HIT : [POST] /api/group/v1/view
2024-05-08T04:45:55.737Z | INFO   | API HIT : [POST] /api/expense/v1/group
2024-05-08T04:45:56.186Z | INFO   | API HIT : [POST] /api/expense/v1/group/categoryExp
2024-05-08T04:45:56.190Z | INFO   | API HIT : [POST] /api/expense/v1/group/monthlyExp
2024-05-08T04:45:56.740Z | INFO   | API HIT : [POST] /api/expense/v1/group/dailyExp
2024-05-08T04:46:01.839Z | INFO   | API HIT : [POST] /api/expense/v1/user
2024-05-08T04:46:01.966Z | ERROR  | URL : /api/expense/v1/user | staus : 400 | message: No expense present for the user
2024-05-08T04:46:01.988Z | INFO   | API HIT : [POST] /api/group/v1/user
2024-05-08T04:46:02.080Z | ERROR  | URL : /api/group/v1/user | staus : 400 | message: User Id not found !
2024-05-08T04:46:16.751Z | INFO   | API HIT : [POST] /api/expense/v1/user
2024-05-08T04:46:16.848Z | ERROR  | URL : /api/expense/v1/user | staus : 400 | message: No expense present for the user
2024-05-08T04:46:16.917Z | INFO   | API HIT : [POST] /api/group/v1/user
2024-05-08T04:46:17.000Z | ERROR  | URL : /api/group/v1/user | staus : 400 | message: User Id not found !
2024-05-08T04:46:24.292Z | INFO   | API HIT : [POST] /api/group/v1/user
2024-05-08T04:46:24.419Z | ERROR  | URL : /api/group/v1/user | staus : 400 | message: User Id not found !
2024-05-08T04:46:25.970Z | INFO   | API HIT : [POST] /api/expense/v1/user
2024-05-08T04:46:26.105Z | ERROR  | URL : /api/expense/v1/user | staus : 400 | message: No expense present for the user
2024-05-08T04:46:26.237Z | INFO   | API HIT : [POST] /api/group/v1/user
2024-05-08T04:46:26.320Z | ERROR  | URL : /api/group/v1/user | staus : 400 | message: User Id not found !
2024-05-08T04:46:26.850Z | INFO   | API HIT : [POST] /api/group/v1/user
2024-05-08T04:46:26.970Z | ERROR  | URL : /api/group/v1/user | staus : 400 | message: User Id not found !
2024-05-08T04:46:58.023Z | INFO   | API HIT : [POST] /api/users/v1/login
2024-05-08T04:46:58.099Z | ERROR  | URL : /api/users/v1/login | staus : 401 | message: Invalid email Id or Password ! Error: Invalid email Id or Password !
    at exports.userLogin (C:\SplitApp\components\user.js:66:23)
    at process.processTicksAndRejections (node:internal/process/task_queues:95:5)
2024-05-08T04:47:32.571Z | INFO   | API HIT : [POST] /api/users/v1/register
2024-05-08T04:47:33.220Z | INFO   | API HIT : [POST] /api/users/v1/login
2024-05-08T04:47:33.694Z | INFO   | API HIT : [POST] /api/expense/v1/user
2024-05-08T04:47:33.782Z | ERROR  | URL : /api/expense/v1/user | staus : 400 | message: No expense present for the user
2024-05-08T04:47:33.804Z | INFO   | API HIT : [POST] /api/group/v1/user
2024-05-08T05:43:38.592Z | INFO   | API HIT : [POST] /api/expense/v1/user
2024-05-08T05:43:38.732Z | ERROR  | URL : /api/expense/v1/user | staus : 400 | message: No expense present for the user
2024-05-08T05:43:38.762Z | INFO   | API HIT : [POST] /api/group/v1/user
2024-05-08T05:46:11.419Z | INFO   | API HIT : [POST] /api/group/v1/user
2024-05-08T06:15:51.296Z | INFO   | API HIT : [POST] /api/users/v1/register
2024-05-08T06:15:53.291Z | INFO   | API HIT : [POST] /api/users/v1/login
2024-05-08T06:15:54.874Z | INFO   | API HIT : [POST] /api/expense/v1/user
2024-05-08T06:15:54.921Z | ERROR  | URL : /api/expense/v1/user | staus : 400 | message: No expense present for the user
2024-05-08T06:15:54.947Z | INFO   | API HIT : [POST] /api/group/v1/user
2024-05-08T06:16:04.988Z | INFO   | API HIT : [POST] /api/group/v1/user
2024-05-08T06:16:07.591Z | INFO   | API HIT : [GET] /api/users/v1/emailList
2024-05-08T06:16:30.047Z | INFO   | API HIT : [POST] /api/group/v1/add
2024-05-08T06:16:31.494Z | INFO   | API HIT : [POST] /api/group/v1/view
2024-05-08T06:16:31.646Z | INFO   | API HIT : [POST] /api/expense/v1/group
2024-05-08T06:16:31.688Z | ERROR  | URL : /api/expense/v1/group | staus : 400 | message: No expense present for the group
2024-05-08T06:16:39.461Z | INFO   | API HIT : [POST] /api/group/v1/view
2024-05-08T06:16:58.359Z | INFO   | API HIT : [POST] /api/expense/v1/add
2024-05-08T06:16:59.206Z | INFO   | API HIT : [POST] /api/group/v1/view
2024-05-08T06:16:59.357Z | INFO   | API HIT : [POST] /api/expense/v1/group
2024-05-08T06:16:59.985Z | INFO   | API HIT : [POST] /api/expense/v1/group/categoryExp
2024-05-08T06:16:59.990Z | INFO   | API HIT : [POST] /api/expense/v1/group/monthlyExp
2024-05-08T06:17:01.523Z | INFO   | API HIT : [POST] /api/expense/v1/group/dailyExp
2024-05-08T06:17:11.105Z | INFO   | API HIT : [POST] /api/group/v1/settlement
2024-05-08T06:17:11.529Z | INFO   | API HIT : [POST] /api/group/v1/view
2024-05-08T06:17:38.385Z | INFO   | API HIT : [POST] /api/group/v1/makeSettlement
2024-05-08T06:17:42.497Z | INFO   | API HIT : [POST] /api/group/v1/view
2024-05-08T06:17:42.617Z | INFO   | API HIT : [POST] /api/expense/v1/group
2024-05-08T06:17:42.785Z | INFO   | API HIT : [POST] /api/expense/v1/group/categoryExp
2024-05-08T06:17:43.092Z | INFO   | API HIT : [POST] /api/expense/v1/group/monthlyExp
2024-05-08T06:17:43.160Z | INFO   | API HIT : [POST] /api/expense/v1/group/dailyExp
2024-05-08T06:17:44.229Z | INFO   | API HIT : [POST] /api/expense/v1/user
2024-05-08T06:17:44.609Z | INFO   | API HIT : [POST] /api/group/v1/user
2024-05-08T06:17:44.859Z | INFO   | API HIT : [POST] /api/expense/v1/user/monthlyExp
2024-05-08T06:17:45.082Z | INFO   | API HIT : [POST] /api/group/v1/user
2024-05-08T06:17:45.090Z | INFO   | API HIT : [POST] /api/expense/v1/user/recent
2024-05-08T06:17:45.093Z | INFO   | API HIT : [POST] /api/expense/v1/user/categoryExp
2024-05-08T06:17:45.097Z | INFO   | API HIT : [POST] /api/expense/v1/user/dailyExp
2024-05-08T06:18:01.824Z | INFO   | API HIT : [POST] /api/group/v1/user
2024-05-08T06:18:04.549Z | INFO   | API HIT : [POST] /api/group/v1/view
2024-05-08T06:18:04.811Z | INFO   | API HIT : [POST] /api/expense/v1/group
2024-05-08T06:18:04.924Z | INFO   | API HIT : [POST] /api/expense/v1/group/categoryExp
2024-05-08T06:18:05.219Z | INFO   | API HIT : [POST] /api/expense/v1/group/monthlyExp
2024-05-08T06:18:05.283Z | INFO   | API HIT : [POST] /api/expense/v1/group/dailyExp
2024-05-08T06:18:07.719Z | INFO   | API HIT : [POST] /api/group/v1/settlement
2024-05-08T06:18:07.987Z | INFO   | API HIT : [POST] /api/group/v1/view
2024-05-08T06:18:16.856Z | INFO   | API HIT : [POST] /api/group/v1/settlement
2024-05-08T06:18:17.270Z | INFO   | API HIT : [POST] /api/group/v1/view
2024-05-08T06:18:18.361Z | INFO   | API HIT : [POST] /api/expense/v1/group/categoryExp
2024-05-08T06:18:18.668Z | INFO   | API HIT : [POST] /api/expense/v1/group/monthlyExp
2024-05-08T06:18:19.036Z | INFO   | API HIT : [POST] /api/expense/v1/group/dailyExp
2024-05-08T06:18:28.548Z | INFO   | API HIT : [POST] /api/expense/v1/user
2024-05-08T06:18:28.934Z | INFO   | API HIT : [POST] /api/group/v1/user
2024-05-08T06:18:29.171Z | INFO   | API HIT : [POST] /api/expense/v1/user/monthlyExp
2024-05-08T06:18:29.364Z | INFO   | API HIT : [POST] /api/group/v1/user
2024-05-08T06:18:29.367Z | INFO   | API HIT : [POST] /api/expense/v1/user/recent
2024-05-08T06:18:29.371Z | INFO   | API HIT : [POST] /api/expense/v1/user/categoryExp
2024-05-08T06:18:29.382Z | INFO   | API HIT : [POST] /api/expense/v1/user/dailyExp
2024-07-06T17:43:28.248Z | INFO   | Server started in PORT | 3001
2024-07-06T17:43:39.805Z | INFO   | DB Connection Established
2024-07-06T17:46:55.231Z | INFO   | Server started in PORT | 3001
2024-07-06T17:47:07.072Z | INFO   | DB Connection Established
2024-07-06T17:47:46.857Z | INFO   | API HIT : [POST] /api/users/v1/register
2024-07-06T17:47:47.100Z | INFO   | API HIT : [POST] /api/users/v1/login
2024-07-06T17:47:47.911Z | INFO   | API HIT : [POST] /api/expense/v1/user
2024-07-06T17:47:47.953Z | ERROR  | URL : /api/expense/v1/user | staus : 400 | message: No expense present for the user
2024-07-06T17:47:47.963Z | INFO   | API HIT : [POST] /api/group/v1/user
2024-07-06T17:48:06.021Z | INFO   | API HIT : [POST] /api/expense/v1/user
2024-07-06T17:48:06.057Z | ERROR  | URL : /api/expense/v1/user | staus : 400 | message: No expense present for the user
2024-07-06T17:48:06.142Z | INFO   | API HIT : [POST] /api/group/v1/user
2024-07-06T17:48:11.716Z | INFO   | API HIT : [GET] /api/users/v1/emailList
2024-07-06T17:48:14.806Z | INFO   | API HIT : [POST] /api/users/v1/view
2024-07-06T17:48:17.453Z | INFO   | API HIT : [POST] /api/expense/v1/user
2024-07-06T17:48:17.488Z | ERROR  | URL : /api/expense/v1/user | staus : 400 | message: No expense present for the user
2024-07-06T17:48:17.805Z | INFO   | API HIT : [POST] /api/group/v1/user
2024-07-06T17:48:19.205Z | INFO   | API HIT : [GET] /api/users/v1/emailList
2024-07-06T17:48:46.584Z | INFO   | API HIT : [POST] /api/group/v1/add
2024-07-06T17:48:47.022Z | INFO   | API HIT : [POST] /api/group/v1/view
2024-07-06T17:48:47.069Z | INFO   | API HIT : [POST] /api/expense/v1/group
2024-07-06T17:48:47.105Z | ERROR  | URL : /api/expense/v1/group | staus : 400 | message: No expense present for the group
2024-07-06T17:49:01.112Z | INFO   | API HIT : [POST] /api/expense/v1/user
2024-07-06T17:49:01.146Z | ERROR  | URL : /api/expense/v1/user | staus : 400 | message: No expense present for the user
2024-07-06T17:49:01.363Z | INFO   | API HIT : [POST] /api/group/v1/user
2024-07-06T17:49:01.458Z | INFO   | API HIT : [POST] /api/expense/v1/user/monthlyExp
2024-07-06T17:49:01.750Z | INFO   | API HIT : [POST] /api/group/v1/user
2024-07-06T17:49:01.768Z | INFO   | API HIT : [POST] /api/expense/v1/user/recent
2024-07-06T17:49:01.770Z | INFO   | API HIT : [POST] /api/expense/v1/user/categoryExp
2024-07-06T17:49:01.772Z | INFO   | API HIT : [POST] /api/expense/v1/user/dailyExp
2024-07-06T17:49:01.808Z | ERROR  | URL : /api/expense/v1/user/recent | staus : 400 | message: No expense present for the user
2024-07-06T17:49:07.844Z | INFO   | API HIT : [POST] /api/group/v1/user
2024-07-06T17:54:53.903Z | INFO   | API HIT : [POST] /api/users/v1/login
2024-07-06T17:54:54.567Z | INFO   | API HIT : [POST] /api/expense/v1/user
2024-07-06T17:54:54.604Z | ERROR  | URL : /api/expense/v1/user | staus : 400 | message: No expense present for the user
2024-07-06T17:54:54.613Z | INFO   | API HIT : [POST] /api/group/v1/user
2024-07-06T17:54:54.711Z | INFO   | API HIT : [POST] /api/expense/v1/user/monthlyExp
2024-07-06T17:54:55.030Z | INFO   | API HIT : [POST] /api/group/v1/user
2024-07-06T17:54:55.031Z | INFO   | API HIT : [POST] /api/expense/v1/user/recent
2024-07-06T17:54:55.033Z | INFO   | API HIT : [POST] /api/expense/v1/user/categoryExp
2024-07-06T17:54:55.034Z | INFO   | API HIT : [POST] /api/expense/v1/user/dailyExp
2024-07-06T17:54:55.070Z | ERROR  | URL : /api/expense/v1/user/recent | staus : 400 | message: No expense present for the user
2024-07-06T17:54:59.058Z | INFO   | API HIT : [POST] /api/group/v1/user
2024-07-06T17:55:00.876Z | INFO   | API HIT : [GET] /api/users/v1/emailList
2024-07-06T17:55:10.919Z | INFO   | API HIT : [POST] /api/expense/v1/user
2024-07-06T17:55:10.954Z | ERROR  | URL : /api/expense/v1/user | staus : 400 | message: No expense present for the user
2024-07-06T17:55:11.176Z | INFO   | API HIT : [POST] /api/group/v1/user
2024-07-06T17:55:11.293Z | INFO   | API HIT : [POST] /api/expense/v1/user/monthlyExp
2024-07-06T17:55:11.604Z | INFO   | API HIT : [POST] /api/group/v1/user
2024-07-06T17:55:11.607Z | INFO   | API HIT : [POST] /api/expense/v1/user/recent
2024-07-06T17:55:11.608Z | INFO   | API HIT : [POST] /api/expense/v1/user/categoryExp
2024-07-06T17:55:11.611Z | INFO   | API HIT : [POST] /api/expense/v1/user/dailyExp
2024-07-06T17:55:11.646Z | ERROR  | URL : /api/expense/v1/user/recent | staus : 400 | message: No expense present for the user
2024-07-06T17:55:11.905Z | INFO   | API HIT : [POST] /api/group/v1/user
2024-07-06T17:55:17.322Z | INFO   | API HIT : [GET] /api/users/v1/emailList
2024-07-06T17:57:28.478Z | INFO   | API HIT : [POST] /api/expense/v1/user
2024-07-06T17:57:28.513Z | ERROR  | URL : /api/expense/v1/user | staus : 400 | message: No expense present for the user
2024-07-06T17:57:28.787Z | INFO   | API HIT : [POST] /api/group/v1/user
2024-07-06T17:57:28.885Z | INFO   | API HIT : [POST] /api/expense/v1/user/monthlyExp
2024-07-06T17:57:29.191Z | INFO   | API HIT : [POST] /api/group/v1/user
2024-07-06T17:57:29.193Z | INFO   | API HIT : [POST] /api/expense/v1/user/recent
2024-07-06T17:57:29.194Z | INFO   | API HIT : [POST] /api/expense/v1/user/categoryExp
2024-07-06T17:57:29.202Z | INFO   | API HIT : [POST] /api/expense/v1/user/dailyExp
2024-07-06T17:57:29.227Z | ERROR  | URL : /api/expense/v1/user/recent | staus : 400 | message: No expense present for the user
2024-07-06T17:57:40.831Z | INFO   | API HIT : [POST] /api/users/v1/login
2024-07-06T17:57:41.082Z | INFO   | API HIT : [POST] /api/expense/v1/user
2024-07-06T17:57:41.117Z | ERROR  | URL : /api/expense/v1/user | staus : 400 | message: No expense present for the user
2024-07-06T17:57:41.126Z | INFO   | API HIT : [POST] /api/group/v1/user
2024-07-06T17:57:41.535Z | INFO   | API HIT : [POST] /api/expense/v1/user/monthlyExp
2024-07-06T17:57:41.536Z | INFO   | API HIT : [POST] /api/group/v1/user
2024-07-06T17:57:41.538Z | INFO   | API HIT : [POST] /api/expense/v1/user/recent
2024-07-06T17:57:41.540Z | INFO   | API HIT : [POST] /api/expense/v1/user/categoryExp
2024-07-06T17:57:41.577Z | ERROR  | URL : /api/expense/v1/user/recent | staus : 400 | message: No expense present for the user
2024-07-06T17:57:41.844Z | INFO   | API HIT : [POST] /api/expense/v1/user/dailyExp
2024-08-12T06:11:55.994Z | INFO   | Server started in PORT | 3001
2024-08-12T06:11:57.595Z | INFO   | DB Connection Established
2024-08-12T06:13:44.118Z | INFO   | API HIT : [POST] /api/expense/v1/user
2024-08-12T06:13:44.142Z | INFO   | API HIT : [POST] /api/expense/v1/user
2024-08-12T06:13:44.170Z | ERROR  | URL : /api/expense/v1/user | staus : 400 | message: No expense present for the user
2024-08-12T06:13:44.177Z | INFO   | API HIT : [POST] /api/group/v1/user
2024-08-12T06:13:44.191Z | ERROR  | URL : /api/expense/v1/user | staus : 400 | message: No expense present for the user
2024-08-12T06:13:44.196Z | INFO   | API HIT : [POST] /api/group/v1/user
2024-08-12T06:13:44.290Z | INFO   | API HIT : [POST] /api/expense/v1/user/monthlyExp
2024-08-12T06:13:44.293Z | INFO   | API HIT : [POST] /api/group/v1/user
2024-08-12T06:13:44.294Z | INFO   | API HIT : [POST] /api/expense/v1/user/recent
2024-08-12T06:13:44.296Z | INFO   | API HIT : [POST] /api/expense/v1/user/categoryExp
2024-08-12T06:13:44.320Z | INFO   | API HIT : [POST] /api/expense/v1/user/monthlyExp
2024-08-12T06:13:44.322Z | INFO   | API HIT : [POST] /api/group/v1/user
2024-08-12T06:13:44.335Z | ERROR  | URL : /api/expense/v1/user/recent | staus : 400 | message: No expense present for the user
2024-08-12T06:13:44.340Z | INFO   | API HIT : [POST] /api/expense/v1/user/recent
2024-08-12T06:13:44.341Z | INFO   | API HIT : [POST] /api/expense/v1/user/categoryExp
2024-08-12T06:13:44.381Z | INFO   | API HIT : [POST] /api/expense/v1/user/dailyExp
2024-08-12T06:13:44.384Z | ERROR  | URL : /api/expense/v1/user/recent | staus : 400 | message: No expense present for the user
2024-08-12T06:13:46.038Z | INFO   | API HIT : [POST] /api/expense/v1/user/dailyExp
2024-08-12T08:23:38.249Z | INFO   | Server started on PORT 3001
2024-08-12T08:23:40.242Z | INFO   | DB Connection Established
2024-08-12T09:48:05.110Z | INFO   | Server started on PORT | 3001
2024-08-12T09:48:07.585Z | INFO   | DB Connection Established
2024-08-12T15:00:59.681Z | INFO   | Server started on PORT | 3001
2024-08-12T15:01:01.664Z | INFO   | DB Connection Established
2024-08-12T15:01:29.895Z | INFO   | Server started on PORT | 3001
2024-08-12T15:01:30.739Z | INFO   | DB Connection Established
2024-08-12T15:02:21.876Z | INFO   | Server started on PORT | 3001
2024-08-12T15:02:23.835Z | INFO   | DB Connection Established
